[debug] [2020-02-26T10:16:04.420Z] ----------------------------------------------------------------------
[debug] [2020-02-26T10:16:04.423Z] Command:       /usr/bin/node /usr/local/bin/firebase deploy
[debug] [2020-02-26T10:16:04.423Z] CLI Version:   7.13.1
[debug] [2020-02-26T10:16:04.423Z] Platform:      linux
[debug] [2020-02-26T10:16:04.423Z] Node Version:  v10.15.2
[debug] [2020-02-26T10:16:04.424Z] Time:          Wed Feb 26 2020 11:16:04 GMT+0100 (Central European Standard Time)
[debug] [2020-02-26T10:16:04.424Z] ----------------------------------------------------------------------
[debug] [2020-02-26T10:16:04.424Z] 
[debug] [2020-02-26T10:16:04.433Z] > command requires scopes: ["email","openid","https://www.googleapis.com/auth/cloudplatformprojects.readonly","https://www.googleapis.com/auth/firebase","https://www.googleapis.com/auth/cloud-platform"]
[debug] [2020-02-26T10:16:04.433Z] > authorizing via signed-in user
[debug] [2020-02-26T10:16:04.433Z] [iam] checking project eit-gruppe1 for permissions ["cloudfunctions.functions.create","cloudfunctions.functions.delete","cloudfunctions.functions.get","cloudfunctions.functions.list","cloudfunctions.functions.update","cloudfunctions.operations.get","firebase.projects.get","firebasedatabase.instances.update","firebasehosting.sites.update"]
[debug] [2020-02-26T10:16:04.436Z] >>> HTTP REQUEST POST https://cloudresourcemanager.googleapis.com/v1/projects/eit-gruppe1:testIamPermissions  

[debug] [2020-02-26T10:16:07.890Z] <<< HTTP RESPONSE 200
[debug] [2020-02-26T10:16:07.893Z] >>> HTTP REQUEST GET https://firebase.googleapis.com/v1beta1/projects/eit-gruppe1  
 
[debug] [2020-02-26T10:16:11.233Z] <<< HTTP RESPONSE 200
[info] 
[info] === Deploying to 'eit-gruppe1'...
[info] 
[info] i  deploying database, functions, hosting
[info] Running command: npm --prefix "$RESOURCE_DIR" run lint
[info] ✔  functions: Finished running predeploy script.
[info] i  database: checking rules syntax...
[debug] [2020-02-26T10:16:16.347Z] >>> HTTP REQUEST PUT https://eit-gruppe1.firebaseio.com/.settings/rules.json?dryRun=true  
 {
  "rules": {
    ".read": true,
    ".write": true
  }
}

[debug] [2020-02-26T10:16:17.172Z] <<< HTTP RESPONSE 200
[info] ✔  database: rules syntax for database eit-gruppe1 is valid
[debug] [2020-02-26T10:16:17.176Z] > [functions] package.json contents: {
  "name": "functions",
  "description": "Cloud Functions for Firebase",
  "scripts": {
    "lint": "eslint .",
    "serve": "firebase serve --only functions",
    "shell": "firebase functions:shell",
    "start": "npm run shell",
    "deploy": "firebase deploy --only functions",
    "logs": "firebase functions:log"
  },
  "engines": {
    "node": "8"
  },
  "dependencies": {
    "firebase-admin": "^8.6.0",
    "firebase-functions": "^3.3.0"
  },
  "devDependencies": {
    "eslint": "^5.12.0",
    "eslint-plugin-promise": "^4.0.1",
    "firebase-functions-test": "^0.1.6"
  },
  "private": true
}
[info] i  functions: ensuring necessary APIs are enabled...
[debug] [2020-02-26T10:16:17.178Z] >>> HTTP REQUEST GET https://serviceusage.googleapis.com/v1/projects/eit-gruppe1/services/cloudfunctions.googleapis.com  
 
[debug] [2020-02-26T10:16:17.179Z] >>> HTTP REQUEST GET https://serviceusage.googleapis.com/v1/projects/eit-gruppe1/services/runtimeconfig.googleapis.com  
 
[debug] [2020-02-26T10:16:18.243Z] <<< HTTP RESPONSE 200
[debug] [2020-02-26T10:16:18.276Z] <<< HTTP RESPONSE 200
[info] ✔  functions: all necessary APIs are enabled
[debug] [2020-02-26T10:16:18.277Z] >>> HTTP REQUEST GET https://firebase.googleapis.com/v1beta1/projects/eit-gruppe1/adminSdkConfig  
 
[debug] [2020-02-26T10:16:18.546Z] <<< HTTP RESPONSE 200
[debug] [2020-02-26T10:16:18.549Z] >>> HTTP REQUEST POST https://firebasehosting.googleapis.com/v1beta1/sites/eit-gruppe1/versions  

[debug] [2020-02-26T10:16:20.248Z] <<< HTTP RESPONSE 200
[info] i  functions: preparing functions directory for uploading...
[debug] [2020-02-26T10:16:20.254Z] >>> HTTP REQUEST GET https://runtimeconfig.googleapis.com/v1beta1/projects/eit-gruppe1/configs  
 
[debug] [2020-02-26T10:16:21.598Z] <<< HTTP RESPONSE 200
[info] i  functions: packaged functions (38.56 KB) for uploading
[debug] [2020-02-26T10:16:22.348Z] >>> HTTP REQUEST POST https://cloudfunctions.googleapis.com/v1/projects/eit-gruppe1/locations/us-central1/functions:generateUploadUrl  
 
